<?xml version="1.0" encoding="UTF-8"?>
<!-- Generated by org.testng.reporters.JUnitReportReporter -->
<testsuite hostname="SURAJARMAN" failures="0" tests="2" name="praticepackage.allMethod" time="0.006" errors="0" timestamp="2022-11-08T17:45:36 IST" skipped="0">
  <testcase classname="praticepackage.allMethod" name="Test2" time="0.005"/>
  <system-out/>
  <testcase classname="praticepackage.allMethod" name="tt" time="0.001"/>
  <system-out/>
</testsuite> <!-- praticepackage.allMethod -->
