<?xml version="1.0" encoding="UTF-8"?>
<!-- Generated by org.testng.reporters.JUnitReportReporter -->
<testsuite hostname="SURAJARMAN" failures="0" tests="1" name="praticepackage.VtigerTest" time="18.787" errors="0" timestamp="2022-11-24T16:08:59 IST" skipped="0">
  <testcase classname="praticepackage.VtigerTest" name="add" time="18.787"/>
  <system-out/>
</testsuite> <!-- praticepackage.VtigerTest -->
