<?xml version="1.0" encoding="UTF-8"?>
<!-- Generated by org.testng.reporters.JUnitReportReporter -->
<testsuite hostname="SURAJARMAN" failures="0" tests="4" name="praticepackage.datafeychfromExcel" time="0.013" errors="0" timestamp="2022-11-08T16:15:02 IST" skipped="0">
  <testcase classname="praticepackage.datafeychfromExcel" name="Achive" time="0.009"/>
  <system-out/>
  <testcase classname="praticepackage.datafeychfromExcel" name="Achive" time="0.001"/>
  <system-out/>
  <testcase classname="praticepackage.datafeychfromExcel" name="Achive" time="0.002"/>
  <system-out/>
  <testcase classname="praticepackage.datafeychfromExcel" name="Achive" time="0.001"/>
  <system-out/>
</testsuite> <!-- praticepackage.datafeychfromExcel -->
