<?xml version="1.0" encoding="UTF-8"?>
<!-- Generated by org.testng.reporters.JUnitReportReporter -->
<testsuite hostname="SURAJARMAN" failures="0" tests="2" name="praticepackage.Sample2" time="0.003" errors="0" timestamp="2022-11-09T16:05:38 IST" skipped="0">
  <testcase classname="praticepackage.Sample2" name="Script2" time="0.002"/>
  <system-out/>
  <testcase classname="praticepackage.Sample2" name="script2" time="0.001"/>
  <system-out/>
</testsuite> <!-- praticepackage.Sample2 -->
