<?xml version="1.0" encoding="UTF-8"?>
<!-- Generated by org.testng.reporters.JUnitReportReporter -->
<testsuite hostname="SURAJARMAN" failures="0" tests="9" name="praticepackage.CreateCustomerTest" time="0.019" errors="0" timestamp="2022-11-08T11:00:20 IST" skipped="0">
  <testcase classname="praticepackage.CreateCustomerTest" name="deleteCustomer" time="0.009"/>
  <system-out/>
  <testcase classname="praticepackage.CreateCustomerTest" name="accesData" time="0.001"/>
  <system-out/>
  <testcase classname="praticepackage.CreateCustomerTest" name="accesData" time="0.001"/>
  <system-out/>
  <testcase classname="praticepackage.CreateCustomerTest" name="createcustomer" time="0.001"/>
  <system-out/>
  <testcase classname="praticepackage.CreateCustomerTest" name="createcustomer" time="0.001"/>
  <system-out/>
  <testcase classname="praticepackage.CreateCustomerTest" name="updateCustomer" time="0.001"/>
  <system-out/>
  <testcase classname="praticepackage.CreateCustomerTest" name="accesData" time="0.001"/>
  <system-out/>
  <testcase classname="praticepackage.CreateCustomerTest" name="accesData" time="0.001"/>
  <system-out/>
  <testcase classname="praticepackage.CreateCustomerTest" name="accesData" time="0.003"/>
  <system-out/>
</testsuite> <!-- praticepackage.CreateCustomerTest -->
